[debug] [2023-08-16T21:57:02.686Z] ----------------------------------------------------------------------
[debug] [2023-08-16T21:57:02.687Z] Command:       C:\Program Files\nodejs\node.exe C:\Users\Andrew\AppData\Roaming\npm\node_modules\firebase-tools\lib\bin\firebase.js init hosting
[debug] [2023-08-16T21:57:02.687Z] CLI Version:   12.4.8
[debug] [2023-08-16T21:57:02.688Z] Platform:      win32
[debug] [2023-08-16T21:57:02.688Z] Node Version:  v18.15.0
[debug] [2023-08-16T21:57:02.688Z] Time:          Wed Aug 16 2023 17:57:02 GMT-0400 (Eastern Daylight Time)
[debug] [2023-08-16T21:57:02.689Z] ----------------------------------------------------------------------
[debug] 
[debug] [2023-08-16T21:57:02.694Z] > command requires scopes: ["email","openid","https://www.googleapis.com/auth/cloudplatformprojects.readonly","https://www.googleapis.com/auth/firebase","https://www.googleapis.com/auth/cloud-platform"]
[debug] [2023-08-16T21:57:02.695Z] > authorizing via signed-in user (andrewkim229@gmail.com)
[info] 
     ######## #### ########  ######## ########     ###     ######  ########
     ##        ##  ##     ## ##       ##     ##  ##   ##  ##       ##
     ######    ##  ########  ######   ########  #########  ######  ######
     ##        ##  ##    ##  ##       ##     ## ##     ##       ## ##
     ##       #### ##     ## ######## ########  ##     ##  ######  ########

You're about to initialize a Firebase project in this directory:

  C:\Users\Andrew\Documents\Programming\woodsonscioly

[info] 
=== Project Setup
[info] 
[info] First, let's associate this project directory with a Firebase project.
[info] You can create multiple project aliases by running firebase use --add, 
[info] but for now we'll just set up a default project.
[info] 
[info] i  If you want to create a project in a Google Cloud organization or folder, please use "firebase projects:create" instead, and return to this command when you've created the project. 
[debug] [2023-08-16T21:57:19.205Z] >>> [apiv2][query] POST https://cloudresourcemanager.googleapis.com/v1/projects [none]
[debug] [2023-08-16T21:57:19.206Z] >>> [apiv2][body] POST https://cloudresourcemanager.googleapis.com/v1/projects {"projectId":"woodsonscioly","name":"woodsonscioly"}
[debug] [2023-08-16T21:57:19.495Z] <<< [apiv2][status] POST https://cloudresourcemanager.googleapis.com/v1/projects 200
[debug] [2023-08-16T21:57:19.495Z] <<< [apiv2][body] POST https://cloudresourcemanager.googleapis.com/v1/projects {"name":"operations/cp.5253701588047749735"}
[debug] [2023-08-16T21:57:19.496Z] >>> [apiv2][query] GET https://cloudresourcemanager.googleapis.com/v1/operations/cp.5253701588047749735 [none]
[debug] [2023-08-16T21:57:19.863Z] <<< [apiv2][status] GET https://cloudresourcemanager.googleapis.com/v1/operations/cp.5253701588047749735 200
[debug] [2023-08-16T21:57:19.863Z] <<< [apiv2][body] GET https://cloudresourcemanager.googleapis.com/v1/operations/cp.5253701588047749735 {"name":"operations/cp.5253701588047749735"}
[debug] [2023-08-16T21:57:20.373Z] [Project Creation Poller] Retrying task index 0
[debug] [2023-08-16T21:57:20.373Z] >>> [apiv2][query] GET https://cloudresourcemanager.googleapis.com/v1/operations/cp.5253701588047749735 [none]
[debug] [2023-08-16T21:57:20.715Z] <<< [apiv2][status] GET https://cloudresourcemanager.googleapis.com/v1/operations/cp.5253701588047749735 200
[debug] [2023-08-16T21:57:20.715Z] <<< [apiv2][body] GET https://cloudresourcemanager.googleapis.com/v1/operations/cp.5253701588047749735 {"name":"operations/cp.5253701588047749735"}
[debug] [2023-08-16T21:57:21.723Z] [Project Creation Poller] Retrying task index 0
[debug] [2023-08-16T21:57:21.724Z] >>> [apiv2][query] GET https://cloudresourcemanager.googleapis.com/v1/operations/cp.5253701588047749735 [none]
[debug] [2023-08-16T21:57:22.249Z] <<< [apiv2][status] GET https://cloudresourcemanager.googleapis.com/v1/operations/cp.5253701588047749735 200
[debug] [2023-08-16T21:57:22.249Z] <<< [apiv2][body] GET https://cloudresourcemanager.googleapis.com/v1/operations/cp.5253701588047749735 {"name":"operations/cp.5253701588047749735","metadata":{"@type":"type.googleapis.com/google.cloudresourcemanager.v1.ProjectCreationStatus","gettable":true}}
[debug] [2023-08-16T21:57:24.257Z] [Project Creation Poller] Retrying task index 0
[debug] [2023-08-16T21:57:24.258Z] >>> [apiv2][query] GET https://cloudresourcemanager.googleapis.com/v1/operations/cp.5253701588047749735 [none]
[debug] [2023-08-16T21:57:24.831Z] <<< [apiv2][status] GET https://cloudresourcemanager.googleapis.com/v1/operations/cp.5253701588047749735 200
[debug] [2023-08-16T21:57:24.832Z] <<< [apiv2][body] GET https://cloudresourcemanager.googleapis.com/v1/operations/cp.5253701588047749735 {"name":"operations/cp.5253701588047749735","metadata":{"@type":"type.googleapis.com/google.cloudresourcemanager.v1.ProjectCreationStatus","gettable":true,"ready":true},"done":true,"response":{"@type":"type.googleapis.com/google.cloudresourcemanager.v1.Project","projectNumber":"890441039742","projectId":"woodsonscioly","lifecycleState":"ACTIVE","name":"woodsonscioly","createTime":"2023-08-16T21:57:22.136Z"}}
[debug] [2023-08-16T21:57:24.833Z] >>> [apiv2][query] POST https://firebase.googleapis.com/v1beta1/projects/woodsonscioly:addFirebase [none]
[debug] [2023-08-16T21:57:27.394Z] <<< [apiv2][status] POST https://firebase.googleapis.com/v1beta1/projects/woodsonscioly:addFirebase 200
[debug] [2023-08-16T21:57:27.395Z] <<< [apiv2][body] POST https://firebase.googleapis.com/v1beta1/projects/woodsonscioly:addFirebase {"name":"operations/workflows/MmY5YWQ5MTItYmJiYS00ZWVjLWJiZTQtMWMxMWQ2OTNmZjhm"}
[debug] [2023-08-16T21:57:27.395Z] >>> [apiv2][query] GET https://firebase.googleapis.com/v1beta1/operations/workflows/MmY5YWQ5MTItYmJiYS00ZWVjLWJiZTQtMWMxMWQ2OTNmZjhm [none]
[debug] [2023-08-16T21:57:27.904Z] <<< [apiv2][status] GET https://firebase.googleapis.com/v1beta1/operations/workflows/MmY5YWQ5MTItYmJiYS00ZWVjLWJiZTQtMWMxMWQ2OTNmZjhm 200
[debug] [2023-08-16T21:57:27.904Z] <<< [apiv2][body] GET https://firebase.googleapis.com/v1beta1/operations/workflows/MmY5YWQ5MTItYmJiYS00ZWVjLWJiZTQtMWMxMWQ2OTNmZjhm {"name":"operations/workflows/MmY5YWQ5MTItYmJiYS00ZWVjLWJiZTQtMWMxMWQ2OTNmZjhm"}
[debug] [2023-08-16T21:57:28.413Z] [Add Firebase Poller] Retrying task index 0
[debug] [2023-08-16T21:57:28.413Z] >>> [apiv2][query] GET https://firebase.googleapis.com/v1beta1/operations/workflows/MmY5YWQ5MTItYmJiYS00ZWVjLWJiZTQtMWMxMWQ2OTNmZjhm [none]
[debug] [2023-08-16T21:57:28.766Z] <<< [apiv2][status] GET https://firebase.googleapis.com/v1beta1/operations/workflows/MmY5YWQ5MTItYmJiYS00ZWVjLWJiZTQtMWMxMWQ2OTNmZjhm 200
[debug] [2023-08-16T21:57:28.766Z] <<< [apiv2][body] GET https://firebase.googleapis.com/v1beta1/operations/workflows/MmY5YWQ5MTItYmJiYS00ZWVjLWJiZTQtMWMxMWQ2OTNmZjhm {"name":"operations/workflows/MmY5YWQ5MTItYmJiYS00ZWVjLWJiZTQtMWMxMWQ2OTNmZjhm"}
[debug] [2023-08-16T21:57:29.780Z] [Add Firebase Poller] Retrying task index 0
[debug] [2023-08-16T21:57:29.781Z] >>> [apiv2][query] GET https://firebase.googleapis.com/v1beta1/operations/workflows/MmY5YWQ5MTItYmJiYS00ZWVjLWJiZTQtMWMxMWQ2OTNmZjhm [none]
[debug] [2023-08-16T21:57:30.264Z] <<< [apiv2][status] GET https://firebase.googleapis.com/v1beta1/operations/workflows/MmY5YWQ5MTItYmJiYS00ZWVjLWJiZTQtMWMxMWQ2OTNmZjhm 200
[debug] [2023-08-16T21:57:30.264Z] <<< [apiv2][body] GET https://firebase.googleapis.com/v1beta1/operations/workflows/MmY5YWQ5MTItYmJiYS00ZWVjLWJiZTQtMWMxMWQ2OTNmZjhm {"name":"operations/workflows/MmY5YWQ5MTItYmJiYS00ZWVjLWJiZTQtMWMxMWQ2OTNmZjhm"}
[debug] [2023-08-16T21:57:32.275Z] [Add Firebase Poller] Retrying task index 0
[debug] [2023-08-16T21:57:32.277Z] >>> [apiv2][query] GET https://firebase.googleapis.com/v1beta1/operations/workflows/MmY5YWQ5MTItYmJiYS00ZWVjLWJiZTQtMWMxMWQ2OTNmZjhm [none]
[debug] [2023-08-16T21:57:32.754Z] <<< [apiv2][status] GET https://firebase.googleapis.com/v1beta1/operations/workflows/MmY5YWQ5MTItYmJiYS00ZWVjLWJiZTQtMWMxMWQ2OTNmZjhm 200
[debug] [2023-08-16T21:57:32.754Z] <<< [apiv2][body] GET https://firebase.googleapis.com/v1beta1/operations/workflows/MmY5YWQ5MTItYmJiYS00ZWVjLWJiZTQtMWMxMWQ2OTNmZjhm {"name":"operations/workflows/MmY5YWQ5MTItYmJiYS00ZWVjLWJiZTQtMWMxMWQ2OTNmZjhm"}
[debug] [2023-08-16T21:57:36.769Z] [Add Firebase Poller] Retrying task index 0
[debug] [2023-08-16T21:57:36.770Z] >>> [apiv2][query] GET https://firebase.googleapis.com/v1beta1/operations/workflows/MmY5YWQ5MTItYmJiYS00ZWVjLWJiZTQtMWMxMWQ2OTNmZjhm [none]
[debug] [2023-08-16T21:57:37.121Z] <<< [apiv2][status] GET https://firebase.googleapis.com/v1beta1/operations/workflows/MmY5YWQ5MTItYmJiYS00ZWVjLWJiZTQtMWMxMWQ2OTNmZjhm 200
[debug] [2023-08-16T21:57:37.121Z] <<< [apiv2][body] GET https://firebase.googleapis.com/v1beta1/operations/workflows/MmY5YWQ5MTItYmJiYS00ZWVjLWJiZTQtMWMxMWQ2OTNmZjhm {"name":"operations/workflows/MmY5YWQ5MTItYmJiYS00ZWVjLWJiZTQtMWMxMWQ2OTNmZjhm"}
[debug] [2023-08-16T21:57:45.128Z] [Add Firebase Poller] Retrying task index 0
[debug] [2023-08-16T21:57:45.129Z] >>> [apiv2][query] GET https://firebase.googleapis.com/v1beta1/operations/workflows/MmY5YWQ5MTItYmJiYS00ZWVjLWJiZTQtMWMxMWQ2OTNmZjhm [none]
[debug] [2023-08-16T21:57:45.468Z] <<< [apiv2][status] GET https://firebase.googleapis.com/v1beta1/operations/workflows/MmY5YWQ5MTItYmJiYS00ZWVjLWJiZTQtMWMxMWQ2OTNmZjhm 200
[debug] [2023-08-16T21:57:45.469Z] <<< [apiv2][body] GET https://firebase.googleapis.com/v1beta1/operations/workflows/MmY5YWQ5MTItYmJiYS00ZWVjLWJiZTQtMWMxMWQ2OTNmZjhm {"name":"operations/workflows/MmY5YWQ5MTItYmJiYS00ZWVjLWJiZTQtMWMxMWQ2OTNmZjhm","done":true,"response":{"@type":"type.googleapis.com/google.firebase.service.v1beta1.FirebaseProject","projectId":"woodsonscioly","projectNumber":"890441039742","displayName":"woodsonscioly","name":"projects/woodsonscioly","resources":{"hostingSite":"woodsonscioly"}}}
[info] 
[info] === Your Firebase project is ready! ===
[info] 
[info] Project information:
[info]    - Project ID: woodsonscioly
[info]    - Project Name: woodsonscioly
[info] 
[info] Firebase console is available at
[info] https://console.firebase.google.com/project/woodsonscioly/overview
[info] i  Using project woodsonscioly (woodsonscioly) 
[info] 
=== Hosting Setup
[info] 
[info] Your public directory is the folder (relative to your project directory) that
[info] will contain Hosting assets to be uploaded with firebase deploy. If you
[info] have a build process for your assets, use your build's output directory.
[info] 
